mode: set
/Users/jihadmjr/Documents/projects/backend-master-class/simplebank/gapi/converter.go:9.41,17.2 1 0
/Users/jihadmjr/Documents/projects/backend-master-class/simplebank/gapi/error.go:9.90,14.2 1 0
/Users/jihadmjr/Documents/projects/backend-master-class/simplebank/gapi/error.go:16.85,21.16 4 0
/Users/jihadmjr/Documents/projects/backend-master-class/simplebank/gapi/error.go:21.16,23.3 1 0
/Users/jihadmjr/Documents/projects/backend-master-class/simplebank/gapi/error.go:25.2,25.28 1 0
/Users/jihadmjr/Documents/projects/backend-master-class/simplebank/gapi/error.go:28.44,30.2 1 0
/Users/jihadmjr/Documents/projects/backend-master-class/simplebank/gapi/rpc_create_user.go:18.114,20.23 2 0
/Users/jihadmjr/Documents/projects/backend-master-class/simplebank/gapi/rpc_create_user.go:20.23,22.3 1 0
/Users/jihadmjr/Documents/projects/backend-master-class/simplebank/gapi/rpc_create_user.go:23.2,24.16 2 0
/Users/jihadmjr/Documents/projects/backend-master-class/simplebank/gapi/rpc_create_user.go:24.16,26.3 1 0
/Users/jihadmjr/Documents/projects/backend-master-class/simplebank/gapi/rpc_create_user.go:28.2,35.41 1 0
/Users/jihadmjr/Documents/projects/backend-master-class/simplebank/gapi/rpc_create_user.go:35.41,48.4 3 0
/Users/jihadmjr/Documents/projects/backend-master-class/simplebank/gapi/rpc_create_user.go:51.2,52.16 2 0
/Users/jihadmjr/Documents/projects/backend-master-class/simplebank/gapi/rpc_create_user.go:52.16,54.3 1 0
/Users/jihadmjr/Documents/projects/backend-master-class/simplebank/gapi/rpc_create_user.go:56.2,60.17 2 0
/Users/jihadmjr/Documents/projects/backend-master-class/simplebank/gapi/rpc_create_user.go:63.112,64.64 1 0
/Users/jihadmjr/Documents/projects/backend-master-class/simplebank/gapi/rpc_create_user.go:64.64,66.3 1 0
/Users/jihadmjr/Documents/projects/backend-master-class/simplebank/gapi/rpc_create_user.go:68.2,68.64 1 0
/Users/jihadmjr/Documents/projects/backend-master-class/simplebank/gapi/rpc_create_user.go:68.64,70.3 1 0
/Users/jihadmjr/Documents/projects/backend-master-class/simplebank/gapi/rpc_create_user.go:72.2,72.64 1 0
/Users/jihadmjr/Documents/projects/backend-master-class/simplebank/gapi/rpc_create_user.go:72.64,74.3 1 0
/Users/jihadmjr/Documents/projects/backend-master-class/simplebank/gapi/rpc_create_user.go:76.2,76.58 1 0
/Users/jihadmjr/Documents/projects/backend-master-class/simplebank/gapi/rpc_create_user.go:76.58,78.3 1 0
/Users/jihadmjr/Documents/projects/backend-master-class/simplebank/gapi/rpc_create_user.go:80.2,80.19 1 0
/Users/jihadmjr/Documents/projects/backend-master-class/simplebank/gapi/server.go:20.109,22.16 2 0
/Users/jihadmjr/Documents/projects/backend-master-class/simplebank/gapi/server.go:22.16,24.3 1 0
/Users/jihadmjr/Documents/projects/backend-master-class/simplebank/gapi/server.go:26.2,33.20 2 0
